<?xml version="1.0" encoding="UTF-8"?>
<!-- Generated by org.testng.reporters.JUnitReportReporter -->
<testsuite hostname="DESKTOP-JL4O3ID" failures="0" tests="1" name="testCases.Filedemo2" time="0.663" errors="0" timestamp="2024-10-23T23:09:24 CEST" skipped="0">
  <testcase classname="testCases.Filedemo2" name="fileUploadTest" time="0.663"/>
</testsuite> <!-- testCases.Filedemo2 -->
